<?xml version="1.0" encoding="UTF-8"?>
<!-- Generated by org.testng.reporters.JUnitReportReporter -->
<testsuite hostname="LASST262542" name="Automation.O2TDriverScript" tests="1" failures="0" timestamp="30 Oct 2014 11:43:56 GMT" time="38.368" errors="0">
  <testcase name="ReadUtilFile" time="38.368" classname="Automation.O2TDriverScript"/>
</testsuite> <!-- Automation.O2TDriverScript -->
