<?xml version="1.0" encoding="UTF-8"?>
<!-- Generated by org.testng.reporters.JUnitReportReporter -->
<testsuite hostname="LASST262542" name="ROL.O2TDriverScript" tests="1" failures="0" timestamp="30 Oct 2014 10:47:58 GMT" time="38.736" errors="0">
  <testcase name="ReadUtilFile" time="38.736" classname="ROL.O2TDriverScript"/>
</testsuite> <!-- ROL.O2TDriverScript -->
